<?xml version="1.0" encoding="UTF-8"?>
<testng-results ignored="0" total="1" passed="1" failed="0" skipped="0">
  <reporter-output>
    <line>
      <![CDATA[no of rows9]]>
    </line>
    <line>
      <![CDATA[Login Passdashboard     http://orangehrm.qedgetech.com/symfony/web/index.php/dashboard]]>
    </line>
    <line>
      <![CDATA[Login Faildashboard       http://orangehrm.qedgetech.com/symfony/web/index.php/auth/validateCredentials]]>
    </line>
    <line>
      <![CDATA[Login Faildashboard       http://orangehrm.qedgetech.com/symfony/web/index.php/auth/validateCredentials]]>
    </line>
    <line>
      <![CDATA[Login Faildashboard       http://orangehrm.qedgetech.com/symfony/web/index.php/auth/login]]>
    </line>
    <line>
      <![CDATA[Login Passdashboard     http://orangehrm.qedgetech.com/symfony/web/index.php/dashboard]]>
    </line>
    <line>
      <![CDATA[Login Faildashboard       http://orangehrm.qedgetech.com/symfony/web/index.php/auth/login]]>
    </line>
    <line>
      <![CDATA[Login Passdashboard     http://orangehrm.qedgetech.com/symfony/web/index.php/dashboard]]>
    </line>
    <line>
      <![CDATA[Login Faildashboard       http://orangehrm.qedgetech.com/symfony/web/index.php/auth/login]]>
    </line>
    <line>
      <![CDATA[Login Faildashboard       http://orangehrm.qedgetech.com/symfony/web/index.php/auth/validateCredentials]]>
    </line>
  </reporter-output>
  <suite started-at="2023-08-28T17:02:51 IST" name="Default suite" finished-at="2023-08-28T17:03:10 IST" duration-ms="19232">
    <groups>
    </groups>
    <test started-at="2023-08-28T17:02:51 IST" name="Default test" finished-at="2023-08-28T17:03:10 IST" duration-ms="19232">
      <class name="driverFactory.DriverScript">
        <test-method is-config="true" signature="setUp()[pri:0, instance:driverFactory.DriverScript@76494737]" started-at="2023-08-28T17:02:51 IST" name="setUp" finished-at="2023-08-28T17:02:54 IST" duration-ms="2744" status="PASS">
          <reporter-output>
          </reporter-output>
        </test-method> <!-- setUp -->
        <test-method signature="startest()[pri:0, instance:driverFactory.DriverScript@76494737]" started-at="2023-08-28T17:02:54 IST" name="startest" finished-at="2023-08-28T17:03:09 IST" duration-ms="15642" status="PASS">
          <reporter-output>
            <line>
              <![CDATA[no of rows9]]>
            </line>
            <line>
              <![CDATA[Login Passdashboard     http://orangehrm.qedgetech.com/symfony/web/index.php/dashboard]]>
            </line>
            <line>
              <![CDATA[Login Faildashboard       http://orangehrm.qedgetech.com/symfony/web/index.php/auth/validateCredentials]]>
            </line>
            <line>
              <![CDATA[Login Faildashboard       http://orangehrm.qedgetech.com/symfony/web/index.php/auth/validateCredentials]]>
            </line>
            <line>
              <![CDATA[Login Faildashboard       http://orangehrm.qedgetech.com/symfony/web/index.php/auth/login]]>
            </line>
            <line>
              <![CDATA[Login Passdashboard     http://orangehrm.qedgetech.com/symfony/web/index.php/dashboard]]>
            </line>
            <line>
              <![CDATA[Login Faildashboard       http://orangehrm.qedgetech.com/symfony/web/index.php/auth/login]]>
            </line>
            <line>
              <![CDATA[Login Passdashboard     http://orangehrm.qedgetech.com/symfony/web/index.php/dashboard]]>
            </line>
            <line>
              <![CDATA[Login Faildashboard       http://orangehrm.qedgetech.com/symfony/web/index.php/auth/login]]>
            </line>
            <line>
              <![CDATA[Login Faildashboard       http://orangehrm.qedgetech.com/symfony/web/index.php/auth/validateCredentials]]>
            </line>
          </reporter-output>
        </test-method> <!-- startest -->
        <test-method is-config="true" signature="tearsDown()[pri:0, instance:driverFactory.DriverScript@76494737]" started-at="2023-08-28T17:03:09 IST" name="tearsDown" finished-at="2023-08-28T17:03:10 IST" duration-ms="789" status="PASS">
          <reporter-output>
          </reporter-output>
        </test-method> <!-- tearsDown -->
      </class> <!-- driverFactory.DriverScript -->
    </test> <!-- Default test -->
  </suite> <!-- Default suite -->
</testng-results>
